
  VITE v6.4.1  ready in 153 ms

  ➜  Local:   http://localhost:5173/
  ➜  Network: http://192.168.1.216:5173/
  ➜  Network: http://198.18.0.1:5173/
  ➜  Network: http://169.254.105.197:5173/
12:30:22 [vite] (client) hmr update /src/modules/requirements/pages/RequirementsPage.vue
12:30:28 [vite] (client) hmr update /src/modules/requirements/pages/RequirementsPage.vue
12:30:49 [vite] (client) hmr update /src/modules/requirements/pages/RequirementsPage.vue
13:06:55 [vite] (client) hmr update /src/styles/layout.css
13:07:05 [vite] (client) hmr update /src/modules/requirements/pages/RequirementsPage.vue?vue&type=style&index=0&scoped=f120b817&lang.css
13:12:42 [vite] (client) hmr update /src/styles/components.css
13:50:13 [vite] (client) hmr update /src/modules/requirements/pages/RequirementsPage.vue
13:56:46 [vite] (client) hmr update /src/modules/cases/pages/CasesPage.vue, /src/modules/overview/pages/OverviewPage.vue
13:56:46 [vite] (client) hmr update /src/modules/requirements/pages/RequirementsPage.vue, /src/modules/overview/pages/OverviewPage.vue
13:56:46 [vite] (client) hmr update /src/modules/requirements/pages/RequirementsPage.vue, /src/modules/overview/pages/OverviewPage.vue, /src/modules/cases/pages/CasesPage.vue, /src/modules/settings/pages/SettingsPage.vue
13:56:46 [vite] (client) hmr update /src/styles/layout.css
13:56:46 [vite] (client) hmr update /src/styles/components.css
12:01:31 [vite] (client) hmr update /src/modules/requirements/pages/RequirementsPage.vue
12:07:43 [vite] (client) hmr update /src/modules/requirements/pages/RequirementsPage.vue
12:09:58 [vite] (client) hmr update /src/modules/requirements/pages/RequirementsPage.vue
12:12:43 [vite] (client) hmr update /src/modules/requirements/pages/RequirementsPage.vue
12:57:02 [vite] (client) hmr update /src/styles/components.css
12:57:02 [vite] (client) hmr update /src/modules/cases/pages/CasesPage.vue, /src/modules/overview/pages/OverviewPage.vue
12:57:02 [vite] (client) hmr update /src/modules/requirements/pages/RequirementsPage.vue, /src/modules/overview/pages/OverviewPage.vue
12:57:02 [vite] (client) hmr update /src/styles/layout.css
12:57:02 [vite] (client) hmr update /src/modules/requirements/pages/RequirementsPage.vue, /src/modules/overview/pages/OverviewPage.vue, /src/modules/cases/pages/CasesPage.vue, /src/modules/settings/pages/SettingsPage.vue
13:16:35 [vite] (client) hmr update /src/styles/components.css
13:16:35 [vite] (client) hmr update /src/modules/cases/pages/CasesPage.vue, /src/modules/overview/pages/OverviewPage.vue
13:16:35 [vite] (client) hmr update /src/modules/requirements/pages/RequirementsPage.vue, /src/modules/overview/pages/OverviewPage.vue
13:16:35 [vite] (client) hmr update /src/styles/layout.css
13:16:35 [vite] (client) hmr update /src/modules/requirements/pages/RequirementsPage.vue, /src/modules/overview/pages/OverviewPage.vue, /src/modules/cases/pages/CasesPage.vue, /src/modules/settings/pages/SettingsPage.vue
13:16:35 [vite] (client) hmr update /src/modules/requirements/pages/RequirementsPage.vue, /src/modules/overview/pages/OverviewPage.vue, /src/modules/cases/pages/CasesPage.vue, /src/modules/settings/pages/SettingsPage.vue
13:18:02 [vite] (client) hmr update /src/styles/components.css
13:18:02 [vite] (client) hmr update /src/modules/cases/pages/CasesPage.vue, /src/modules/overview/pages/OverviewPage.vue
13:18:02 [vite] (client) hmr update /src/modules/requirements/pages/RequirementsPage.vue, /src/modules/overview/pages/OverviewPage.vue
13:18:02 [vite] (client) hmr update /src/styles/layout.css
13:18:02 [vite] (client) hmr update /src/modules/requirements/pages/RequirementsPage.vue, /src/modules/overview/pages/OverviewPage.vue, /src/modules/cases/pages/CasesPage.vue, /src/modules/settings/pages/SettingsPage.vue
13:18:02 [vite] (client) hmr update /src/styles/layout.css
13:18:02 [vite] (client) hmr update /src/modules/requirements/pages/RequirementsPage.vue, /src/modules/overview/pages/OverviewPage.vue, /src/modules/cases/pages/CasesPage.vue, /src/modules/settings/pages/SettingsPage.vue
